  Preprocessing: bitonicSort.cl
  Ignoring -TARGETOS option - not supported for 64-bit version of this tool
  OpenCL Intel(R) Graphics device was found!
  Device name: Intel(R) HD Graphics 5500
  Device version: OpenCL 2.0 
  Device vendor: Intel(R) Corporation
  Device profile: FULL_PROFILE
  fcl build 1 succeeded.
  fcl build 2 succeeded.
  bcl build succeeded.
  
  sort info:
  	Maximum work-group size: 256
  	Compiler work-group size: (0, 0, 0)
  	Local memory size: 0
  	Preferred multiple of work-group size: 16
  	Minimum amount of private memory: 0
  
  Build succeeded!
  
  Practica_3.vcxproj -> C:\Users\berna\Dropbox\Carrera\Quart\Lab.Prog\Practica_3\Practica_3\x64\Debug\Practica_3.exe
  Practica_3.vcxproj -> C:\Users\berna\Dropbox\Carrera\Quart\Lab.Prog\Practica_3\Practica_3\x64\Debug\Practica_3.pdb (Full PDB)
  bitonicSort.cl
  Template.cl
          2 archivo(s) copiado(s).
