  Preprocessing: Template.cl
  OpenCL Intel(R) Graphics device was found!
  Device name: Intel(R) HD Graphics 4600
  Device version: OpenCL 1.2 
  Device vendor: Intel(R) Corporation
  Device profile: FULL_PROFILE
  fcl build 1 succeeded.
  fcl build 2 succeeded.
  bcl build succeeded.
  
  Add info:
  	Maximum work-group size: 512
  	Compiler work-group size: (0, 0, 0)
  	Local memory size: 0
  	Preferred multiple of work-group size: 32
  	Minimum amount of private memory: 0
  
  Build succeeded!
  
  Practica_3.cpp
Practica_3.cpp(539): warning C4996: 'clCreateCommandQueue': was declared deprecated
  C:\Program Files (x86)\Intel\OpenCL SDK\6.3\include\CL\cl.h(1428): note: see declaration of 'clCreateCommandQueue'
Practica_3.cpp(883): warning C4473: 'scanf' : not enough arguments passed for format string
  Practica_3.cpp(883): note: placeholders and their parameters expect 1 variadic arguments, but 0 were provided
  Practica_3.cpp(883): note: the missing variadic argument 1 is required by format string '%s'
Practica_3.cpp(883): warning C4996: 'scanf': This function or variable may be unsafe. Consider using scanf_s instead. To disable deprecation, use _CRT_SECURE_NO_WARNINGS. See online help for details.
  C:\Program Files (x86)\Windows Kits\10\Include\10.0.10240.0\ucrt\stdio.h(1270): note: see declaration of 'scanf'
  LINK : C:\Users\berna\OneDrive\Documentos\Visual Studio 2015\Projects\Practica_3\Debug\Practica_3.exe not found or not built by the last incremental link; performing full link
  Practica_3.vcxproj -> C:\Users\berna\OneDrive\Documentos\Visual Studio 2015\Projects\Practica_3\Debug\Practica_3.exe
  Practica_3.vcxproj -> C:\Users\berna\OneDrive\Documentos\Visual Studio 2015\Projects\Practica_3\Debug\Practica_3.pdb (Full PDB)
  Template.cl
          1 archivo(s) copiado(s).
